<?xml version="1.0" encoding="UTF-8"?>
<testsuite xmlns:xsi="http://www.w3.org/2001/XMLSchema-instance" xsi:noNamespaceSchemaLocation="https://maven.apache.org/surefire/maven-surefire-plugin/xsd/surefire-test-report.xsd" name="de.multitool.AppTest" time="0.02" tests="1" errors="0" skipped="0" failures="0">
  <properties>
    <property name="java.specification.version" value="21"/>
    <property name="sun.jnu.encoding" value="UTF-8"/>
    <property name="java.class.path" value="/home/leodora/Documents/Dev/Java/JavaMultiTool/target/test-classes:/home/leodora/Documents/Dev/Java/JavaMultiTool/target/classes:/home/leodora/.m2/repository/org/controlsfx/controlsfx/11.2.0/controlsfx-11.2.0.jar:/home/leodora/.m2/repository/junit/junit/4.11/junit-4.11.jar:/home/leodora/.m2/repository/org/hamcrest/hamcrest-core/1.3/hamcrest-core-1.3.jar:/home/leodora/.m2/repository/org/openjfx/javafx-controls/13/javafx-controls-13.jar:/home/leodora/.m2/repository/org/openjfx/javafx-controls/13/javafx-controls-13-linux.jar:/home/leodora/.m2/repository/org/openjfx/javafx-graphics/13/javafx-graphics-13.jar:/home/leodora/.m2/repository/org/openjfx/javafx-graphics/13/javafx-graphics-13-linux.jar:/home/leodora/.m2/repository/org/openjfx/javafx-base/13/javafx-base-13.jar:/home/leodora/.m2/repository/org/openjfx/javafx-base/13/javafx-base-13-linux.jar:"/>
    <property name="java.vm.vendor" value="Oracle Corporation"/>
    <property name="sun.arch.data.model" value="64"/>
    <property name="java.vendor.url" value="https://java.oracle.com/"/>
    <property name="os.name" value="Linux"/>
    <property name="java.vm.specification.version" value="21"/>
    <property name="sun.java.launcher" value="SUN_STANDARD"/>
    <property name="user.country" value="US"/>
    <property name="sun.boot.library.path" value="/usr/lib/jvm/jdk-21-oracle-x64/lib"/>
    <property name="sun.java.command" value="/home/leodora/Documents/Dev/Java/JavaMultiTool/target/surefire/surefirebooter14466105527272102050.jar /home/leodora/Documents/Dev/Java/JavaMultiTool/target/surefire 2025-04-03T14-51-27_894-jvmRun1 surefire2508351139496199997tmp surefire_04959864685866715504tmp"/>
    <property name="jdk.debug" value="release"/>
    <property name="surefire.test.class.path" value="/home/leodora/Documents/Dev/Java/JavaMultiTool/target/test-classes:/home/leodora/Documents/Dev/Java/JavaMultiTool/target/classes:/home/leodora/.m2/repository/org/controlsfx/controlsfx/11.2.0/controlsfx-11.2.0.jar:/home/leodora/.m2/repository/junit/junit/4.11/junit-4.11.jar:/home/leodora/.m2/repository/org/hamcrest/hamcrest-core/1.3/hamcrest-core-1.3.jar:/home/leodora/.m2/repository/org/openjfx/javafx-controls/13/javafx-controls-13.jar:/home/leodora/.m2/repository/org/openjfx/javafx-controls/13/javafx-controls-13-linux.jar:/home/leodora/.m2/repository/org/openjfx/javafx-graphics/13/javafx-graphics-13.jar:/home/leodora/.m2/repository/org/openjfx/javafx-graphics/13/javafx-graphics-13-linux.jar:/home/leodora/.m2/repository/org/openjfx/javafx-base/13/javafx-base-13.jar:/home/leodora/.m2/repository/org/openjfx/javafx-base/13/javafx-base-13-linux.jar:"/>
    <property name="sun.cpu.endian" value="little"/>
    <property name="user.home" value="/home/leodora"/>
    <property name="user.language" value="en"/>
    <property name="java.specification.vendor" value="Oracle Corporation"/>
    <property name="java.version.date" value="2023-10-17"/>
    <property name="java.home" value="/usr/lib/jvm/jdk-21-oracle-x64"/>
    <property name="file.separator" value="/"/>
    <property name="basedir" value="/home/leodora/Documents/Dev/Java/JavaMultiTool"/>
    <property name="java.vm.compressedOopsMode" value="Zero based"/>
    <property name="line.separator" value="&#10;"/>
    <property name="java.specification.name" value="Java Platform API Specification"/>
    <property name="java.vm.specification.vendor" value="Oracle Corporation"/>
    <property name="surefire.real.class.path" value="/home/leodora/Documents/Dev/Java/JavaMultiTool/target/surefire/surefirebooter14466105527272102050.jar"/>
    <property name="sun.management.compiler" value="HotSpot 64-Bit Tiered Compilers"/>
    <property name="java.runtime.version" value="21.0.1+12-LTS-29"/>
    <property name="user.name" value="leodora"/>
    <property name="stdout.encoding" value="UTF-8"/>
    <property name="path.separator" value=":"/>
    <property name="os.version" value="6.13.9-200.fc41.x86_64"/>
    <property name="java.runtime.name" value="Java(TM) SE Runtime Environment"/>
    <property name="file.encoding" value="UTF-8"/>
    <property name="java.vm.name" value="Java HotSpot(TM) 64-Bit Server VM"/>
    <property name="localRepository" value="/home/leodora/.m2/repository"/>
    <property name="java.vendor.url.bug" value="https://bugreport.java.com/bugreport/"/>
    <property name="java.io.tmpdir" value="/tmp"/>
    <property name="java.version" value="21.0.1"/>
    <property name="user.dir" value="/home/leodora/Documents/Dev/Java/JavaMultiTool"/>
    <property name="os.arch" value="amd64"/>
    <property name="java.vm.specification.name" value="Java Virtual Machine Specification"/>
    <property name="native.encoding" value="UTF-8"/>
    <property name="java.library.path" value="/usr/java/packages/lib:/usr/lib64:/lib64:/lib:/usr/lib"/>
    <property name="java.vm.info" value="mixed mode, sharing"/>
    <property name="stderr.encoding" value="UTF-8"/>
    <property name="java.vendor" value="Oracle Corporation"/>
    <property name="java.vm.version" value="21.0.1+12-LTS-29"/>
    <property name="sun.io.unicode.encoding" value="UnicodeLittle"/>
    <property name="java.class.version" value="65.0"/>
  </properties>
  <testcase name="shouldAnswerWithTrue" classname="de.multitool.AppTest" time="0.003"/>
</testsuite>